<?xml version="1.0" encoding="UTF-8"?>
<!-- Generated by org.testng.reporters.JUnitReportReporter -->
<testsuite hostname="krish" failures="0" tests="1" name="Assertion.softAssert" time="0.025" errors="0" timestamp="2023-03-28T09:59:11 IST" skipped="0">
  <testcase classname="Assertion.softAssert" name="test1" time="0.025"/>
  <system-out>
    <![CDATA[test_01
test_02]]>
  </system-out>
</testsuite> <!-- Assertion.softAssert -->
