<?xml version="1.0" encoding="UTF-8"?>
<!-- Generated by org.testng.reporters.JUnitReportReporter -->
<testsuite hostname="krish" failures="0" tests="2" name="TestNg_Practise.DataproTest" time="0.009" errors="0" timestamp="2023-03-23T20:28:53 IST" skipped="0">
  <testcase classname="TestNg_Practise.DataproTest" name="getdata" time="0.007"/>
  <system-out/>
  <testcase classname="TestNg_Practise.DataproTest" name="getdata" time="0.002"/>
  <system-out/>
</testsuite> <!-- TestNg_Practise.DataproTest -->
