<?xml version="1.0" encoding="UTF-8"?>
<!-- Generated by org.testng.reporters.JUnitReportReporter -->
<testsuite hostname="krish" failures="0" tests="3" name="TestNg_Practise.ExceelMultipledata" time="0.010" errors="0" timestamp="2023-03-24T13:16:14 IST" skipped="0">
  <testcase classname="TestNg_Practise.ExceelMultipledata" name="getdata" time="0.002"/>
  <system-out/>
  <testcase classname="TestNg_Practise.ExceelMultipledata" name="getdata" time="0.006"/>
  <system-out/>
  <testcase classname="TestNg_Practise.ExceelMultipledata" name="getdata" time="0.002"/>
  <system-out/>
</testsuite> <!-- TestNg_Practise.ExceelMultipledata -->
