<?xml version="1.0" encoding="UTF-8"?>
<!-- Generated by org.testng.reporters.JUnitReportReporter -->
<testsuite hostname="krish" failures="0" tests="1" name="com.HRM_copy.CreateAdmin05" time="11.518" errors="0" timestamp="2023-04-06T09:50:48 IST" skipped="0">
  <testcase classname="com.HRM_copy.CreateAdmin05" name="CreteAdmin" time="11.518"/>
  <system-out/>
</testsuite> <!-- com.HRM_copy.CreateAdmin05 -->
