<?xml version="1.0" encoding="UTF-8"?>
<!-- Generated by org.testng.reporters.JUnitReportReporter -->
<testsuite hostname="krish" failures="0" tests="3" name="TestNg_Practise.ExcelDataprovider" time="0.018" errors="0" timestamp="2023-03-27T23:45:33 IST" skipped="0">
  <testcase classname="TestNg_Practise.ExcelDataprovider" name="getData" time="0.011"/>
  <system-out/>
  <testcase classname="TestNg_Practise.ExcelDataprovider" name="getData" time="0.002"/>
  <system-out/>
  <testcase classname="TestNg_Practise.ExcelDataprovider" name="getData" time="0.005"/>
  <system-out/>
</testsuite> <!-- TestNg_Practise.ExcelDataprovider -->
