<?xml version="1.0" encoding="UTF-8"?>
<!-- Generated by org.testng.reporters.JUnitReportReporter -->
<testsuite hostname="krish" failures="0" tests="1" name="TestNg_Practise.a" time="0.000" errors="0" timestamp="2023-04-05T15:33:36 IST" skipped="1">
  <testcase classname="TestNg_Practise.a" name="getdata" time="0.000">
    <skipped/>
  </testcase> <!-- getdata -->
  <system-out/>
</testsuite> <!-- TestNg_Practise.a -->
