<?xml version="1.0" encoding="UTF-8"?>
<!-- Generated by org.testng.reporters.JUnitReportReporter -->
<testsuite hostname="krish" failures="0" tests="1" name="com.HRM_copy.Create_Branch02" time="5.732" errors="0" timestamp="2023-04-06T09:49:13 IST" skipped="0">
  <testcase classname="com.HRM_copy.Create_Branch02" name="create_Branch02" time="5.732"/>
  <system-out/>
</testsuite> <!-- com.HRM_copy.Create_Branch02 -->
