<?xml version="1.0" encoding="UTF-8"?>
<!-- Generated by org.testng.reporters.JUnitReportReporter -->
<testsuite hostname="krish" failures="0" tests="2" name="TestNg_Practise.bata" time="0.008" errors="0" timestamp="2023-04-03T22:58:44 IST" skipped="0">
  <testcase classname="TestNg_Practise.bata" name="getdata" time="0.006"/>
  <system-out/>
  <testcase classname="TestNg_Practise.bata" name="getdata" time="0.002"/>
  <system-out/>
</testsuite> <!-- TestNg_Practise.bata -->
